<?xml version="1.0" encoding="UTF-8"?>
<testsuite xmlns:xsi="http://www.w3.org/2001/XMLSchema-instance" xsi:noNamespaceSchemaLocation="https://maven.apache.org/surefire/maven-surefire-plugin/xsd/surefire-test-report-3.0.xsd" version="3.0" name="com.lab.PolynomialTest" time="0.161" tests="31" errors="0" skipped="0" failures="0">
  <properties>
[...]
</properties>
  <testcase name="evaluate_AtOne_ReturnsSumOfCoefficients" classname="com.lab.PolynomialTest" time="0.002"/>
  <testcase name="evaluate_AllZeroCoefficients_ReturnsZero" classname="com.lab.PolynomialTest" time="0.002"/>
  <testcase name="constructor_EmptyCoefficientsForPositiveDegree_ThrowsIllegalArgumentException" classname="com.lab.PolynomialTest" time="0.002"/>
  <testcase name="getCoefficients_ReturnsCopy" classname="com.lab.PolynomialTest" time="0.001"/>
  <testcase name="constructor_NullCoefficients_ThrowsIllegalArgumentException" classname="com.lab.PolynomialTest" time="0.002"/>
  <testcase name="constructor_TooFewCoefficients_ThrowsIllegalArgumentException" classname="com.lab.PolynomialTest" time="0.001"/>
  <testcase name="constructor_DegreeOne_CreatesLinearPolynomial" classname="com.lab.PolynomialTest" time="0.0"/>
  <testcase name="evaluate_NegativeX_ReturnsCorrectValue" classname="com.lab.PolynomialTest" time="0.002"/>
  <testcase name="evaluate_LinearPolynomial_VariousX(double, double)[1]" classname="com.lab.PolynomialTest" time="0.035"/>
  <testcase name="evaluate_LinearPolynomial_VariousX(double, double)[2]" classname="com.lab.PolynomialTest" time="0.001"/>
  <testcase name="evaluate_LinearPolynomial_VariousX(double, double)[3]" classname="com.lab.PolynomialTest" time="0.001"/>
  <testcase name="evaluate_LinearPolynomial_VariousX(double, double)[4]" classname="com.lab.PolynomialTest" time="0.001"/>
  <testcase name="evaluate_LinearPolynomial_VariousX(double, double)[5]" classname="com.lab.PolynomialTest" time="0.001"/>
  <testcase name="constructor_NegativeDegreeMinusFive_ThrowsIllegalArgumentException" classname="com.lab.PolynomialTest" time="0.001"/>
  <testcase name="evaluate_AtZero_ReturnsFirstCoefficient" classname="com.lab.PolynomialTest" time="0.0"/>
  <testcase name="evaluate_LinearPolynomial_ReturnsCorrectValue" classname="com.lab.PolynomialTest" time="0.001"/>
  <testcase name="evaluate_XSquared_VariousX(double, double)[1]" classname="com.lab.PolynomialTest" time="0.001"/>
  <testcase name="evaluate_XSquared_VariousX(double, double)[2]" classname="com.lab.PolynomialTest" time="0.001"/>
  <testcase name="evaluate_XSquared_VariousX(double, double)[3]" classname="com.lab.PolynomialTest" time="0.002"/>
  <testcase name="evaluate_XSquared_VariousX(double, double)[4]" classname="com.lab.PolynomialTest" time="0.001"/>
  <testcase name="evaluate_XSquared_VariousX(double, double)[5]" classname="com.lab.PolynomialTest" time="0.001"/>
  <testcase name="evaluate_XSquared_VariousX(double, double)[6]" classname="com.lab.PolynomialTest" time="0.0"/>
  <testcase name="constructor_DegreeZero_CreatesConstantPolynomial" classname="com.lab.PolynomialTest" time="0.001"/>
  <testcase name="evaluate_QuadraticPolynomial_ReturnsCorrectValue" classname="com.lab.PolynomialTest" time="0.001"/>
  <testcase name="evaluate_DecimalCoefficients_ReturnsCorrectValue" classname="com.lab.PolynomialTest" time="0.0"/>
  <testcase name="constructor_NegativeDegree_ThrowsIllegalArgumentException" classname="com.lab.PolynomialTest" time="0.002"/>
  <testcase name="constructor_ValidInputs_CreatesPolynomial" classname="com.lab.PolynomialTest" time="0.0"/>
  <testcase name="evaluateHorner_SameAsEvaluate" classname="com.lab.PolynomialTest" time="0.0"/>
  <testcase name="constructor_TooManyCoefficients_ThrowsIllegalArgumentException" classname="com.lab.PolynomialTest" time="0.001"/>
  <testcase name="evaluate_ConstantPolynomial_ReturnsConstant" classname="com.lab.PolynomialTest" time="0.0"/>
  <testcase name="evaluate_CubicPolynomial_ReturnsCorrectValue" classname="com.lab.PolynomialTest" time="0.001"/>
</testsuite>