<?xml version="1.0" encoding="UTF-8"?>
<testsuite xmlns:xsi="http://www.w3.org/2001/XMLSchema-instance" xsi:noNamespaceSchemaLocation="https://maven.apache.org/surefire/maven-surefire-plugin/xsd/surefire-test-report-3.0.xsd" version="3.0" name="com.lab.RadixTest" time="0.09" tests="70" errors="0" skipped="0" failures="0">
  <properties>
[...]
</properties>
  <testcase name="convert_TenToHex_ReturnsA" classname="com.lab.RadixTest" time="0.002"/>
  <testcase name="convert_TenToBinary_ReturnsOneTenTen" classname="com.lab.RadixTest" time="0.001"/>
  <testcase name="convert_EightToBinary_ReturnsOneZeroZeroZero" classname="com.lab.RadixTest" time="0.001"/>
  <testcase name="convert_RadixTwenty_ThrowsIllegalArgumentException" classname="com.lab.RadixTest" time="0.001"/>
  <testcase name="toHexadecimal_SameAsConvertBase16" classname="com.lab.RadixTest" time="0.0"/>
  <testcase name="convert_FifteenToHex_ReturnsF" classname="com.lab.RadixTest" time="0.001"/>
  <testcase name="convert_RadixLessThanTwo_ThrowsIllegalArgumentException" classname="com.lab.RadixTest" time="0.001"/>
  <testcase name="convert_ToOctal_ReturnsCorrectResult(int, String)[1]" classname="com.lab.RadixTest" time="0.005"/>
  <testcase name="convert_ToOctal_ReturnsCorrectResult(int, String)[2]" classname="com.lab.RadixTest" time="0.0"/>
  <testcase name="convert_ToOctal_ReturnsCorrectResult(int, String)[3]" classname="com.lab.RadixTest" time="0.0"/>
  <testcase name="convert_ToOctal_ReturnsCorrectResult(int, String)[4]" classname="com.lab.RadixTest" time="0.0"/>
  <testcase name="convert_ToOctal_ReturnsCorrectResult(int, String)[5]" classname="com.lab.RadixTest" time="0.0"/>
  <testcase name="convert_ToOctal_ReturnsCorrectResult(int, String)[6]" classname="com.lab.RadixTest" time="0.0"/>
  <testcase name="convert_ToOctal_ReturnsCorrectResult(int, String)[7]" classname="com.lab.RadixTest" time="0.001"/>
  <testcase name="convert_ToOctal_ReturnsCorrectResult(int, String)[8]" classname="com.lab.RadixTest" time="0.0"/>
  <testcase name="convert_FiveToBinary_ReturnsOneZeroOne" classname="com.lab.RadixTest" time="0.0"/>
  <testcase name="convert_SixteenToHex_ReturnsTen" classname="com.lab.RadixTest" time="0.001"/>
  <testcase name="convert_SevenToOctal_ReturnsSeven" classname="com.lab.RadixTest" time="0.0"/>
  <testcase name="convert_LargeNegativeNumber_ThrowsIllegalArgumentException" classname="com.lab.RadixTest" time="0.001"/>
  <testcase name="toDecimal_Hex_ReturnsCorrectValue" classname="com.lab.RadixTest" time="0.0"/>
  <testcase name="convert_NegativeRadix_ThrowsIllegalArgumentException" classname="com.lab.RadixTest" time="0.001"/>
  <testcase name="convert_ZeroToHex_ReturnsZero" classname="com.lab.RadixTest" time="0.001"/>
  <testcase name="convert_OneToBinary_ReturnsOne" classname="com.lab.RadixTest" time="0.0"/>
  <testcase name="convert_TwoSevenFourEightToHex_ReturnsABC" classname="com.lab.RadixTest" time="0.002"/>
  <testcase name="convert_MinimumValidRadix_Works" classname="com.lab.RadixTest" time="0.0"/>
  <testcase name="convert_ZeroToOctal_ReturnsZero" classname="com.lab.RadixTest" time="0.0"/>
  <testcase name="convert_ZeroToBinary_ReturnsZero" classname="com.lab.RadixTest" time="0.0"/>
  <testcase name="toOctal_SameAsConvertBase8" classname="com.lab.RadixTest" time="0.0"/>
  <testcase name="convert_NineToHex_ReturnsNine" classname="com.lab.RadixTest" time="0.001"/>
  <testcase name="convert_TwoToBinary_ReturnsTen" classname="com.lab.RadixTest" time="0.001"/>
  <testcase name="convert_NegativeNumberMinus5_ThrowsExceptionWithCorrectMessage" classname="com.lab.RadixTest" time="0.001"/>
  <testcase name="convert_TwoFiftyFiveToOctal_ReturnsThreeSevenSeven" classname="com.lab.RadixTest" time="0.001"/>
  <testcase name="toBinary_SameAsConvertBase2" classname="com.lab.RadixTest" time="0.0"/>
  <testcase name="toDecimal_Binary_ReturnsCorrectValue" classname="com.lab.RadixTest" time="0.001"/>
  <testcase name="convert_TwoFiftySixToHex_ReturnsOneHundred" classname="com.lab.RadixTest" time="0.0"/>
  <testcase name="convert_RadixGreaterThanSixteen_ThrowsIllegalArgumentException" classname="com.lab.RadixTest" time="0.001"/>
  <testcase name="convert_NegativeNumber_ThrowsIllegalArgumentException" classname="com.lab.RadixTest" time="0.003"/>
  <testcase name="convert_MaximumValidRadix_Works" classname="com.lab.RadixTest" time="0.001"/>
  <testcase name="convert_TwoFiftyFiveToHex_ReturnsFF" classname="com.lab.RadixTest" time="0.001"/>
  <testcase name="toDecimal_LowercaseHex_ReturnsCorrectValue" classname="com.lab.RadixTest" time="0.0"/>
  <testcase name="convert_RadixZero_ThrowsIllegalArgumentException" classname="com.lab.RadixTest" time="0.001"/>
  <testcase name="convert_OneHundredToOctal_ReturnsOneFourFour" classname="com.lab.RadixTest" time="0.0"/>
  <testcase name="convert_MaxUnsignedShortToHex_ReturnsFFFF" classname="com.lab.RadixTest" time="0.001"/>
  <testcase name="convert_TwoFiftyFiveToBinary_ReturnsAllOnes" classname="com.lab.RadixTest" time="0.001"/>
  <testcase name="convert_ToBinary_ReturnsCorrectResult(int, String)[1]" classname="com.lab.RadixTest" time="0.001"/>
  <testcase name="convert_ToBinary_ReturnsCorrectResult(int, String)[2]" classname="com.lab.RadixTest" time="0.001"/>
  <testcase name="convert_ToBinary_ReturnsCorrectResult(int, String)[3]" classname="com.lab.RadixTest" time="0.0"/>
  <testcase name="convert_ToBinary_ReturnsCorrectResult(int, String)[4]" classname="com.lab.RadixTest" time="0.001"/>
  <testcase name="convert_ToBinary_ReturnsCorrectResult(int, String)[5]" classname="com.lab.RadixTest" time="0.002"/>
  <testcase name="convert_ToBinary_ReturnsCorrectResult(int, String)[6]" classname="com.lab.RadixTest" time="0.001"/>
  <testcase name="convert_ToBinary_ReturnsCorrectResult(int, String)[7]" classname="com.lab.RadixTest" time="0.0"/>
  <testcase name="convert_ToBinary_ReturnsCorrectResult(int, String)[8]" classname="com.lab.RadixTest" time="0.0"/>
  <testcase name="convert_ToBinary_ReturnsCorrectResult(int, String)[9]" classname="com.lab.RadixTest" time="0.001"/>
  <testcase name="convert_ToBinary_ReturnsCorrectResult(int, String)[10]" classname="com.lab.RadixTest" time="0.0"/>
  <testcase name="convert_ToBinary_ReturnsCorrectResult(int, String)[11]" classname="com.lab.RadixTest" time="0.0"/>
  <testcase name="toDecimal_Octal_ReturnsCorrectValue" classname="com.lab.RadixTest" time="0.0"/>
  <testcase name="convert_EightToOctal_ReturnsTen" classname="com.lab.RadixTest" time="0.0"/>
  <testcase name="convert_ToHexadecimal_ReturnsCorrectResult(int, String)[1]" classname="com.lab.RadixTest" time="0.001"/>
  <testcase name="convert_ToHexadecimal_ReturnsCorrectResult(int, String)[2]" classname="com.lab.RadixTest" time="0.001"/>
  <testcase name="convert_ToHexadecimal_ReturnsCorrectResult(int, String)[3]" classname="com.lab.RadixTest" time="0.001"/>
  <testcase name="convert_ToHexadecimal_ReturnsCorrectResult(int, String)[4]" classname="com.lab.RadixTest" time="0.001"/>
  <testcase name="convert_ToHexadecimal_ReturnsCorrectResult(int, String)[5]" classname="com.lab.RadixTest" time="0.001"/>
  <testcase name="convert_ToHexadecimal_ReturnsCorrectResult(int, String)[6]" classname="com.lab.RadixTest" time="0.001"/>
  <testcase name="convert_ToHexadecimal_ReturnsCorrectResult(int, String)[7]" classname="com.lab.RadixTest" time="0.001"/>
  <testcase name="convert_ToHexadecimal_ReturnsCorrectResult(int, String)[8]" classname="com.lab.RadixTest" time="0.001"/>
  <testcase name="convert_ToHexadecimal_ReturnsCorrectResult(int, String)[9]" classname="com.lab.RadixTest" time="0.0"/>
  <testcase name="convert_ToHexadecimal_ReturnsCorrectResult(int, String)[10]" classname="com.lab.RadixTest" time="0.0"/>
  <testcase name="convert_ToHexadecimal_ReturnsCorrectResult(int, String)[11]" classname="com.lab.RadixTest" time="0.0"/>
  <testcase name="convert_ToHexadecimal_ReturnsCorrectResult(int, String)[12]" classname="com.lab.RadixTest" time="0.001"/>
  <testcase name="convert_SixtyFourToOctal_ReturnsOneHundred" classname="com.lab.RadixTest" time="0.0"/>
</testsuite>