<?xml version="1.0" encoding="UTF-8"?>
<testsuite xmlns:xsi="http://www.w3.org/2001/XMLSchema-instance" xsi:noNamespaceSchemaLocation="https://maven.apache.org/surefire/maven-surefire-plugin/xsd/surefire-test-report-3.0.xsd" version="3.0" name="com.lab4.OrganizationManagementApplicationTests" time="0.722" tests="1" errors="0" skipped="0" failures="0">
  <properties>
[...]
</properties>
  <testcase name="contextLoads" classname="com.lab4.OrganizationManagementApplicationTests" time="0.003">
    <system-out><![CDATA[2026-01-20T13:57:15.206+07:00  INFO 20888 --- [           main] t.c.s.AnnotationConfigContextLoaderUtils : Could not detect default configuration classes for test class [com.lab4.OrganizationManagementApplicationTests]: OrganizationManagementApplicationTests does not declare any static, non-private, non-final, nested classes annotated with @Configuration.
2026-01-20T13:57:15.220+07:00  INFO 20888 --- [           main] .b.t.c.SpringBootTestContextBootstrapper : Found @SpringBootConfiguration com.lab4.OrganizationManagementApplication for test class com.lab4.OrganizationManagementApplicationTests
2026-01-20T13:57:15.231+07:00  INFO 20888 --- [           main] o.s.b.d.r.RestartApplicationListener     : Restart disabled due to context in which it is running

  .   ____          _            __ _ _
 /\\ / ___'_ __ _ _(_)_ __  __ _ \ \ \ \
( ( )\___ | '_ | '_| | '_ \/ _` | \ \ \ \
 \\/  ___)| |_)| | | | | || (_| |  ) ) ) )
  '  |____| .__|_| |_|_| |_\__, | / / / /
 =========|_|==============|___/=/_/_/_/
 :: Spring Boot ::                (v3.2.0)

2026-01-20T13:57:15.272+07:00  INFO 20888 --- [           main] l.OrganizationManagementApplicationTests : Starting OrganizationManagementApplicationTests using Java 21.0.6 with PID 20888 (started by ASUS in D:\Class\Khoa\testting\lab4)
2026-01-20T13:57:15.272+07:00 DEBUG 20888 --- [           main] l.OrganizationManagementApplicationTests : Running with Spring Boot v3.2.0, Spring v6.1.1
2026-01-20T13:57:15.274+07:00  INFO 20888 --- [           main] l.OrganizationManagementApplicationTests : The following 1 profile is active: "test"
2026-01-20T13:57:15.522+07:00  INFO 20888 --- [           main] .s.d.r.c.RepositoryConfigurationDelegate : Bootstrapping Spring Data JPA repositories in DEFAULT mode.
2026-01-20T13:57:15.532+07:00  INFO 20888 --- [           main] .s.d.r.c.RepositoryConfigurationDelegate : Finished Spring Data repository scanning in 8 ms. Found 2 JPA repository interfaces.
2026-01-20T13:57:15.619+07:00  INFO 20888 --- [           main] o.hibernate.jpa.internal.util.LogHelper  : HHH000204: Processing PersistenceUnitInfo [name: default]
2026-01-20T13:57:15.621+07:00  INFO 20888 --- [           main] o.h.c.internal.RegionFactoryInitiator    : HHH000026: Second-level cache disabled
2026-01-20T13:57:15.625+07:00  INFO 20888 --- [           main] o.s.o.j.p.SpringPersistenceUnitInfo      : No LoadTimeWeaver setup: ignoring JPA class transformer
2026-01-20T13:57:15.626+07:00  INFO 20888 --- [           main] com.zaxxer.hikari.HikariDataSource       : HikariPool-2 - Starting...
2026-01-20T13:57:15.627+07:00  INFO 20888 --- [           main] com.zaxxer.hikari.pool.HikariPool        : HikariPool-2 - Added connection conn10: url=jdbc:h2:mem:testdb user=SA
2026-01-20T13:57:15.628+07:00  INFO 20888 --- [           main] com.zaxxer.hikari.HikariDataSource       : HikariPool-2 - Start completed.
2026-01-20T13:57:15.628+07:00  WARN 20888 --- [           main] org.hibernate.orm.deprecation            : HHH90000025: H2Dialect does not need to be specified explicitly using 'hibernate.dialect' (remove the property setting and it will be selected by default)
2026-01-20T13:57:15.689+07:00  INFO 20888 --- [           main] o.h.e.t.j.p.i.JtaPlatformInitiator       : HHH000489: No JTA platform available (set 'hibernate.transaction.jta.platform' to enable JTA platform integration)
Hibernate: 
    drop table if exists director cascade 
Hibernate: 
    drop table if exists organization cascade 
Hibernate: 
    create table director (
        director_id integer generated by default as identity,
        org_id integer not null,
        created_date timestamp(6) not null,
        phone varchar(20),
        email varchar(100),
        director_name varchar(255) not null,
        primary key (director_id)
    )
Hibernate: 
    create table organization (
        org_id integer generated by default as identity,
        created_date timestamp(6) not null,
        phone varchar(20),
        email varchar(100),
        address varchar(255),
        org_name varchar(255) not null unique,
        primary key (org_id)
    )
Hibernate: 
    alter table if exists director 
       add constraint FKltorc7q7tyyacmwjkrndwsow3 
       foreign key (org_id) 
       references organization
2026-01-20T13:57:15.700+07:00  INFO 20888 --- [           main] j.LocalContainerEntityManagerFactoryBean : Initialized JPA EntityManagerFactory for persistence unit 'default'
2026-01-20T13:57:15.807+07:00  WARN 20888 --- [           main] JpaBaseConfiguration$JpaWebConfiguration : spring.jpa.open-in-view is enabled by default. Therefore, database queries may be performed during view rendering. Explicitly configure spring.jpa.open-in-view to disable this warning
2026-01-20T13:57:15.921+07:00  INFO 20888 --- [           main] l.OrganizationManagementApplicationTests : Started OrganizationManagementApplicationTests in 0.69 seconds (process running for 10.37)
]]></system-out>
  </testcase>
</testsuite>